Analysis & Synthesis report for Sequential_Multiplier
Sun Mar 21 02:53:33 2021
Quartus Prime Version 20.1.0 Build 711 06/05/2020 SJ Lite Edition


---------------------
; Table of Contents ;
---------------------
  1. Legal Notice
  2. Analysis & Synthesis Summary
  3. Analysis & Synthesis Settings
  4. Parallel Compilation
  5. Analysis & Synthesis Source Files Read
  6. Analysis & Synthesis Resource Usage Summary
  7. Analysis & Synthesis Resource Utilization by Entity
  8. State Machine - |Sequential_Multiplier|One_Shot:One_Shot_Load_2|state
  9. State Machine - |Sequential_Multiplier|One_Shot:One_Shot_Load_1|state
 10. State Machine - |Sequential_Multiplier|One_Shot:One_Shot_Data|state
 11. State Machine - |Sequential_Multiplier|Control:Control_1|state
 12. Registers Removed During Synthesis
 13. General Register Statistics
 14. Multiplexer Restructuring Statistics (Restructuring Performed)
 15. Parameter Settings for User Entity Instance: Top-level Entity: |Sequential_Multiplier
 16. Parameter Settings for User Entity Instance: Control:Control_1
 17. Parameter Settings for User Entity Instance: Register_With_Enable:Register_check_neg_1
 18. Parameter Settings for User Entity Instance: Register_With_Enable:Register_check_neg_2
 19. Parameter Settings for User Entity Instance: Shift_Register_left:Shift_left
 20. Parameter Settings for User Entity Instance: Shift_Register_rigth:Shift_right
 21. Parameter Settings for User Entity Instance: Mux_Two_To_One:Mux_Data_or_0
 22. Parameter Settings for User Entity Instance: Add_Sub:Add_Sub_1
 23. Parameter Settings for User Entity Instance: Register_With_Enable:Register_compensador
 24. Parameter Settings for User Entity Instance: Mux_Two_To_One:Mux_compensador
 25. Parameter Settings for User Entity Instance: Register_With_Reset:Register_Rst
 26. Parameter Settings for User Entity Instance: Or_Gate:Or
 27. Parameter Settings for User Entity Instance: Register_With_Enable:Register_Result
 28. Parameter Settings for User Entity Instance: Mux_Two_To_One:Mux_A_in
 29. Parameter Settings for User Entity Instance: Counter:counter_1
 30. Parameter Settings for User Entity Instance: Comparator:Comparator_1
 31. Parameter Settings for User Entity Instance: Mux_Two_To_One:Mux_A
 32. Parameter Settings for User Entity Instance: Mux_Two_To_One:Mux_B
 33. Parameter Settings for User Entity Instance: Mux_Two_To_One:Mux_out
 34. Port Connectivity Checks: "Register_With_Enable:Register_compensador"
 35. Port Connectivity Checks: "Mux_Two_To_One:Mux_Data_or_0"
 36. Port Connectivity Checks: "Shift_Register_rigth:Shift_right"
 37. Port Connectivity Checks: "Shift_Register_left:Shift_left"
 38. Post-Synthesis Netlist Statistics for Top Partition
 39. Elapsed Time Per Partition
 40. Analysis & Synthesis Messages
 41. Analysis & Synthesis Suppressed Messages



----------------
; Legal Notice ;
----------------
Copyright (C) 2020  Intel Corporation. All rights reserved.
Your use of Intel Corporation's design tools, logic functions 
and other software and tools, and any partner logic 
functions, and any output files from any of the foregoing 
(including device programming or simulation files), and any 
associated documentation or information are expressly subject 
to the terms and conditions of the Intel Program License 
Subscription Agreement, the Intel Quartus Prime License Agreement,
the Intel FPGA IP License Agreement, or other applicable license
agreement, including, without limitation, that your use is for
the sole purpose of programming logic devices manufactured by
Intel and sold by Intel or its authorized distributors.  Please
refer to the applicable agreement for further details, at
https://fpgasoftware.intel.com/eula.



+-------------------------------------------------------------------------------+
; Analysis & Synthesis Summary                                                  ;
+---------------------------------+---------------------------------------------+
; Analysis & Synthesis Status     ; Successful - Sun Mar 21 02:53:33 2021       ;
; Quartus Prime Version           ; 20.1.0 Build 711 06/05/2020 SJ Lite Edition ;
; Revision Name                   ; Sequential_Multiplier                       ;
; Top-level Entity Name           ; Sequential_Multiplier                       ;
; Family                          ; Cyclone V                                   ;
; Logic utilization (in ALMs)     ; N/A                                         ;
; Total registers                 ; 130                                         ;
; Total pins                      ; 34                                          ;
; Total virtual pins              ; 0                                           ;
; Total block memory bits         ; 0                                           ;
; Total DSP Blocks                ; 0                                           ;
; Total HSSI RX PCSs              ; 0                                           ;
; Total HSSI PMA RX Deserializers ; 0                                           ;
; Total HSSI TX PCSs              ; 0                                           ;
; Total HSSI PMA TX Serializers   ; 0                                           ;
; Total PLLs                      ; 0                                           ;
; Total DLLs                      ; 0                                           ;
+---------------------------------+---------------------------------------------+


+---------------------------------------------------------------------------------------------------------------------------------+
; Analysis & Synthesis Settings                                                                                                   ;
+---------------------------------------------------------------------------------+-----------------------+-----------------------+
; Option                                                                          ; Setting               ; Default Value         ;
+---------------------------------------------------------------------------------+-----------------------+-----------------------+
; Device                                                                          ; 5CGXFC7C6F23I7        ;                       ;
; Top-level entity name                                                           ; Sequential_Multiplier ; Sequential_Multiplier ;
; Family name                                                                     ; Cyclone V             ; Cyclone V             ;
; Use smart compilation                                                           ; Off                   ; Off                   ;
; Enable parallel Assembler and Timing Analyzer during compilation                ; On                    ; On                    ;
; Enable compact report table                                                     ; Off                   ; Off                   ;
; Restructure Multiplexers                                                        ; Auto                  ; Auto                  ;
; MLAB Add Timing Constraints For Mixed-Port Feed-Through Mode Setting Don't Care ; Off                   ; Off                   ;
; Create Debugging Nodes for IP Cores                                             ; Off                   ; Off                   ;
; Preserve fewer node names                                                       ; On                    ; On                    ;
; Intel FPGA IP Evaluation Mode                                                   ; Enable                ; Enable                ;
; Verilog Version                                                                 ; Verilog_2001          ; Verilog_2001          ;
; VHDL Version                                                                    ; VHDL_1993             ; VHDL_1993             ;
; State Machine Processing                                                        ; Auto                  ; Auto                  ;
; Safe State Machine                                                              ; Off                   ; Off                   ;
; Extract Verilog State Machines                                                  ; On                    ; On                    ;
; Extract VHDL State Machines                                                     ; On                    ; On                    ;
; Ignore Verilog initial constructs                                               ; Off                   ; Off                   ;
; Iteration limit for constant Verilog loops                                      ; 5000                  ; 5000                  ;
; Iteration limit for non-constant Verilog loops                                  ; 250                   ; 250                   ;
; Add Pass-Through Logic to Inferred RAMs                                         ; On                    ; On                    ;
; Infer RAMs from Raw Logic                                                       ; On                    ; On                    ;
; Parallel Synthesis                                                              ; On                    ; On                    ;
; DSP Block Balancing                                                             ; Auto                  ; Auto                  ;
; NOT Gate Push-Back                                                              ; On                    ; On                    ;
; Power-Up Don't Care                                                             ; On                    ; On                    ;
; Remove Redundant Logic Cells                                                    ; Off                   ; Off                   ;
; Remove Duplicate Registers                                                      ; On                    ; On                    ;
; Ignore CARRY Buffers                                                            ; Off                   ; Off                   ;
; Ignore CASCADE Buffers                                                          ; Off                   ; Off                   ;
; Ignore GLOBAL Buffers                                                           ; Off                   ; Off                   ;
; Ignore ROW GLOBAL Buffers                                                       ; Off                   ; Off                   ;
; Ignore LCELL Buffers                                                            ; Off                   ; Off                   ;
; Ignore SOFT Buffers                                                             ; On                    ; On                    ;
; Limit AHDL Integers to 32 Bits                                                  ; Off                   ; Off                   ;
; Optimization Technique                                                          ; Balanced              ; Balanced              ;
; Carry Chain Length                                                              ; 70                    ; 70                    ;
; Auto Carry Chains                                                               ; On                    ; On                    ;
; Auto Open-Drain Pins                                                            ; On                    ; On                    ;
; Perform WYSIWYG Primitive Resynthesis                                           ; Off                   ; Off                   ;
; Auto ROM Replacement                                                            ; On                    ; On                    ;
; Auto RAM Replacement                                                            ; On                    ; On                    ;
; Auto DSP Block Replacement                                                      ; On                    ; On                    ;
; Auto Shift Register Replacement                                                 ; Auto                  ; Auto                  ;
; Allow Shift Register Merging across Hierarchies                                 ; Auto                  ; Auto                  ;
; Auto Clock Enable Replacement                                                   ; On                    ; On                    ;
; Strict RAM Replacement                                                          ; Off                   ; Off                   ;
; Allow Synchronous Control Signals                                               ; On                    ; On                    ;
; Force Use of Synchronous Clear Signals                                          ; Off                   ; Off                   ;
; Auto Resource Sharing                                                           ; Off                   ; Off                   ;
; Allow Any RAM Size For Recognition                                              ; Off                   ; Off                   ;
; Allow Any ROM Size For Recognition                                              ; Off                   ; Off                   ;
; Allow Any Shift Register Size For Recognition                                   ; Off                   ; Off                   ;
; Use LogicLock Constraints during Resource Balancing                             ; On                    ; On                    ;
; Ignore translate_off and synthesis_off directives                               ; Off                   ; Off                   ;
; Timing-Driven Synthesis                                                         ; On                    ; On                    ;
; Report Parameter Settings                                                       ; On                    ; On                    ;
; Report Source Assignments                                                       ; On                    ; On                    ;
; Report Connectivity Checks                                                      ; On                    ; On                    ;
; Ignore Maximum Fan-Out Assignments                                              ; Off                   ; Off                   ;
; Synchronization Register Chain Length                                           ; 3                     ; 3                     ;
; Power Optimization During Synthesis                                             ; Normal compilation    ; Normal compilation    ;
; HDL message level                                                               ; Level2                ; Level2                ;
; Suppress Register Optimization Related Messages                                 ; Off                   ; Off                   ;
; Number of Removed Registers Reported in Synthesis Report                        ; 5000                  ; 5000                  ;
; Number of Swept Nodes Reported in Synthesis Report                              ; 5000                  ; 5000                  ;
; Number of Inverted Registers Reported in Synthesis Report                       ; 100                   ; 100                   ;
; Clock MUX Protection                                                            ; On                    ; On                    ;
; Auto Gated Clock Conversion                                                     ; Off                   ; Off                   ;
; Block Design Naming                                                             ; Auto                  ; Auto                  ;
; SDC constraint protection                                                       ; Off                   ; Off                   ;
; Synthesis Effort                                                                ; Auto                  ; Auto                  ;
; Shift Register Replacement - Allow Asynchronous Clear Signal                    ; On                    ; On                    ;
; Pre-Mapping Resynthesis Optimization                                            ; Off                   ; Off                   ;
; Analysis & Synthesis Message Level                                              ; Medium                ; Medium                ;
; Disable Register Merging Across Hierarchies                                     ; Auto                  ; Auto                  ;
; Resource Aware Inference For Block RAM                                          ; On                    ; On                    ;
; Automatic Parallel Synthesis                                                    ; On                    ; On                    ;
; Partial Reconfiguration Bitstream ID                                            ; Off                   ; Off                   ;
+---------------------------------------------------------------------------------+-----------------------+-----------------------+


+------------------------------------------+
; Parallel Compilation                     ;
+----------------------------+-------------+
; Processors                 ; Number      ;
+----------------------------+-------------+
; Number detected on machine ; 8           ;
; Maximum allowed            ; 8           ;
;                            ;             ;
; Average used               ; 1.00        ;
; Maximum used               ; 8           ;
;                            ;             ;
; Usage by Processor         ; % Time Used ;
;     Processor 1            ; 100.0%      ;
;     Processors 2-8         ;   0.0%      ;
+----------------------------+-------------+


+---------------------------------------------------------------------------------------------------------------------------------------------------------------+
; Analysis & Synthesis Source Files Read                                                                                                                        ;
+----------------------------------+-----------------+------------------------+-----------------------------------------------------------------------+---------+
; File Name with User-Entered Path ; Used in Netlist ; File Type              ; File Name with Absolute Path                                          ; Library ;
+----------------------------------+-----------------+------------------------+-----------------------------------------------------------------------+---------+
; Source/Counter.v                 ; yes             ; User Verilog HDL File  ; D:/Quartus_programs/Digital_II/Tarea_3/Source/Counter.v               ;         ;
; Source/Mux_Two_To_One.v          ; yes             ; User Verilog HDL File  ; D:/Quartus_programs/Digital_II/Tarea_3/Source/Mux_Two_To_One.v        ;         ;
; Source/Register_With_Enable.v    ; yes             ; User Verilog HDL File  ; D:/Quartus_programs/Digital_II/Tarea_3/Source/Register_With_Enable.v  ;         ;
; Source/Demux.v                   ; yes             ; User Verilog HDL File  ; D:/Quartus_programs/Digital_II/Tarea_3/Source/Demux.v                 ;         ;
; Source/Shift_Register_rigth.v    ; yes             ; User Verilog HDL File  ; D:/Quartus_programs/Digital_II/Tarea_3/Source/Shift_Register_rigth.v  ;         ;
; Source/Shift_Register_left.v     ; yes             ; User Verilog HDL File  ; D:/Quartus_programs/Digital_II/Tarea_3/Source/Shift_Register_left.v   ;         ;
; Source/Sequential_Multiplier.v   ; yes             ; User Verilog HDL File  ; D:/Quartus_programs/Digital_II/Tarea_3/Source/Sequential_Multiplier.v ;         ;
; Source/Register_With_Reset.v     ; yes             ; User Verilog HDL File  ; D:/Quartus_programs/Digital_II/Tarea_3/Source/Register_With_Reset.v   ;         ;
; Source/Or_Gate.v                 ; yes             ; User Verilog HDL File  ; D:/Quartus_programs/Digital_II/Tarea_3/Source/Or_Gate.v               ;         ;
; Source/One_Shot.v                ; yes             ; User Verilog HDL File  ; D:/Quartus_programs/Digital_II/Tarea_3/Source/One_Shot.v              ;         ;
; Source/Control.v                 ; yes             ; User Verilog HDL File  ; D:/Quartus_programs/Digital_II/Tarea_3/Source/Control.v               ;         ;
; Source/Add_Sub.v                 ; yes             ; User Verilog HDL File  ; D:/Quartus_programs/Digital_II/Tarea_3/Source/Add_Sub.v               ;         ;
; Source/Comparator.v              ; yes             ; User Verilog HDL File  ; D:/Quartus_programs/Digital_II/Tarea_3/Source/Comparator.v            ;         ;
+----------------------------------+-----------------+------------------------+-----------------------------------------------------------------------+---------+


+---------------------------------------------------------+
; Analysis & Synthesis Resource Usage Summary             ;
+---------------------------------------------+-----------+
; Resource                                    ; Usage     ;
+---------------------------------------------+-----------+
; Estimate of Logic utilization (ALMs needed) ; 104       ;
;                                             ;           ;
; Combinational ALUT usage for logic          ; 137       ;
;     -- 7 input functions                    ; 0         ;
;     -- 6 input functions                    ; 17        ;
;     -- 5 input functions                    ; 25        ;
;     -- 4 input functions                    ; 15        ;
;     -- <=3 input functions                  ; 80        ;
;                                             ;           ;
; Dedicated logic registers                   ; 130       ;
;                                             ;           ;
; I/O pins                                    ; 34        ;
;                                             ;           ;
; Total DSP Blocks                            ; 0         ;
;                                             ;           ;
; Maximum fan-out node                        ; clk~input ;
; Maximum fan-out                             ; 130       ;
; Total fan-out                               ; 1185      ;
; Average fan-out                             ; 3.54      ;
+---------------------------------------------+-----------+


+-------------------------------------------------------------------------------------------------------------------------------------------------------------------------------------------------------------------------------------------------------------------+
; Analysis & Synthesis Resource Utilization by Entity                                                                                                                                                                                                               ;
+------------------------------------------------+---------------------+---------------------------+-------------------+------------+------+--------------+------------------------------------------------------------------+-----------------------+--------------+
; Compilation Hierarchy Node                     ; Combinational ALUTs ; Dedicated Logic Registers ; Block Memory Bits ; DSP Blocks ; Pins ; Virtual Pins ; Full Hierarchy Name                                              ; Entity Name           ; Library Name ;
+------------------------------------------------+---------------------+---------------------------+-------------------+------------+------+--------------+------------------------------------------------------------------+-----------------------+--------------+
; |Sequential_Multiplier                         ; 137 (0)             ; 130 (0)                   ; 0                 ; 0          ; 34   ; 0            ; |Sequential_Multiplier                                           ; Sequential_Multiplier ; work         ;
;    |Add_Sub:Add_Sub_1|                         ; 19 (19)             ; 0 (0)                     ; 0                 ; 0          ; 0    ; 0            ; |Sequential_Multiplier|Add_Sub:Add_Sub_1                         ; Add_Sub               ; work         ;
;    |Comparator:Comparator_1|                   ; 26 (26)             ; 0 (0)                     ; 0                 ; 0          ; 0    ; 0            ; |Sequential_Multiplier|Comparator:Comparator_1                   ; Comparator            ; work         ;
;    |Control:Control_1|                         ; 22 (22)             ; 15 (15)                   ; 0                 ; 0          ; 0    ; 0            ; |Sequential_Multiplier|Control:Control_1                         ; Control               ; work         ;
;    |Counter:counter_1|                         ; 19 (19)             ; 18 (18)                   ; 0                 ; 0          ; 0    ; 0            ; |Sequential_Multiplier|Counter:counter_1                         ; Counter               ; work         ;
;    |Demux:Demux_Data|                          ; 2 (2)               ; 0 (0)                     ; 0                 ; 0          ; 0    ; 0            ; |Sequential_Multiplier|Demux:Demux_Data                          ; Demux                 ; work         ;
;    |Mux_Two_To_One:Mux_A_in|                   ; 18 (18)             ; 0 (0)                     ; 0                 ; 0          ; 0    ; 0            ; |Sequential_Multiplier|Mux_Two_To_One:Mux_A_in                   ; Mux_Two_To_One        ; work         ;
;    |Mux_Two_To_One:Mux_B|                      ; 18 (18)             ; 0 (0)                     ; 0                 ; 0          ; 0    ; 0            ; |Sequential_Multiplier|Mux_Two_To_One:Mux_B                      ; Mux_Two_To_One        ; work         ;
;    |Mux_Two_To_One:Mux_compensador|            ; 1 (1)               ; 0 (0)                     ; 0                 ; 0          ; 0    ; 0            ; |Sequential_Multiplier|Mux_Two_To_One:Mux_compensador            ; Mux_Two_To_One        ; work         ;
;    |One_Shot:One_Shot_Data|                    ; 2 (2)               ; 2 (2)                     ; 0                 ; 0          ; 0    ; 0            ; |Sequential_Multiplier|One_Shot:One_Shot_Data                    ; One_Shot              ; work         ;
;    |One_Shot:One_Shot_Load_1|                  ; 2 (2)               ; 2 (2)                     ; 0                 ; 0          ; 0    ; 0            ; |Sequential_Multiplier|One_Shot:One_Shot_Load_1                  ; One_Shot              ; work         ;
;    |One_Shot:One_Shot_Load_2|                  ; 2 (2)               ; 2 (2)                     ; 0                 ; 0          ; 0    ; 0            ; |Sequential_Multiplier|One_Shot:One_Shot_Load_2                  ; One_Shot              ; work         ;
;    |Or_Gate:Or|                                ; 1 (1)               ; 0 (0)                     ; 0                 ; 0          ; 0    ; 0            ; |Sequential_Multiplier|Or_Gate:Or                                ; Or_Gate               ; work         ;
;    |Register_With_Enable:Register_Result|      ; 0 (0)               ; 18 (18)                   ; 0                 ; 0          ; 0    ; 0            ; |Sequential_Multiplier|Register_With_Enable:Register_Result      ; Register_With_Enable  ; work         ;
;    |Register_With_Enable:Register_check_neg_1| ; 0 (0)               ; 9 (9)                     ; 0                 ; 0          ; 0    ; 0            ; |Sequential_Multiplier|Register_With_Enable:Register_check_neg_1 ; Register_With_Enable  ; work         ;
;    |Register_With_Enable:Register_check_neg_2| ; 0 (0)               ; 9 (9)                     ; 0                 ; 0          ; 0    ; 0            ; |Sequential_Multiplier|Register_With_Enable:Register_check_neg_2 ; Register_With_Enable  ; work         ;
;    |Register_With_Enable:Register_compensador| ; 0 (0)               ; 1 (1)                     ; 0                 ; 0          ; 0    ; 0            ; |Sequential_Multiplier|Register_With_Enable:Register_compensador ; Register_With_Enable  ; work         ;
;    |Register_With_Reset:Register_Rst|          ; 0 (0)               ; 18 (18)                   ; 0                 ; 0          ; 0    ; 0            ; |Sequential_Multiplier|Register_With_Reset:Register_Rst          ; Register_With_Reset   ; work         ;
;    |Shift_Register_left:Shift_left|            ; 2 (2)               ; 18 (18)                   ; 0                 ; 0          ; 0    ; 0            ; |Sequential_Multiplier|Shift_Register_left:Shift_left            ; Shift_Register_left   ; work         ;
;    |Shift_Register_rigth:Shift_right|          ; 3 (3)               ; 18 (18)                   ; 0                 ; 0          ; 0    ; 0            ; |Sequential_Multiplier|Shift_Register_rigth:Shift_right          ; Shift_Register_rigth  ; work         ;
+------------------------------------------------+---------------------+---------------------------+-------------------+------------+------+--------------+------------------------------------------------------------------+-----------------------+--------------+
Note: For table entries with two numbers listed, the numbers in parentheses indicate the number of resources of the given type used by the specific entity alone. The numbers listed outside of parentheses indicate the total resources of the given type used by the specific entity and all of its sub-entities in the hierarchy.


Encoding Type:  One-Hot
+-----------------------------------------------------------------------------------------+
; State Machine - |Sequential_Multiplier|One_Shot:One_Shot_Load_2|state                   ;
+------------------------+--------------------+------------------------+------------------+
; Name                   ; state.Waiting_Shot ; state.Waiting_Not_Shot ; state.Shot_State ;
+------------------------+--------------------+------------------------+------------------+
; state.Waiting_Shot     ; 0                  ; 0                      ; 0                ;
; state.Shot_State       ; 1                  ; 0                      ; 1                ;
; state.Waiting_Not_Shot ; 1                  ; 1                      ; 0                ;
+------------------------+--------------------+------------------------+------------------+


Encoding Type:  One-Hot
+-----------------------------------------------------------------------------------------+
; State Machine - |Sequential_Multiplier|One_Shot:One_Shot_Load_1|state                   ;
+------------------------+--------------------+------------------------+------------------+
; Name                   ; state.Waiting_Shot ; state.Waiting_Not_Shot ; state.Shot_State ;
+------------------------+--------------------+------------------------+------------------+
; state.Waiting_Shot     ; 0                  ; 0                      ; 0                ;
; state.Shot_State       ; 1                  ; 0                      ; 1                ;
; state.Waiting_Not_Shot ; 1                  ; 1                      ; 0                ;
+------------------------+--------------------+------------------------+------------------+


Encoding Type:  One-Hot
+-----------------------------------------------------------------------------------------+
; State Machine - |Sequential_Multiplier|One_Shot:One_Shot_Data|state                     ;
+------------------------+--------------------+------------------------+------------------+
; Name                   ; state.Waiting_Shot ; state.Waiting_Not_Shot ; state.Shot_State ;
+------------------------+--------------------+------------------------+------------------+
; state.Waiting_Shot     ; 0                  ; 0                      ; 0                ;
; state.Shot_State       ; 1                  ; 0                      ; 1                ;
; state.Waiting_Not_Shot ; 1                  ; 1                      ; 0                ;
+------------------------+--------------------+------------------------+------------------+


Encoding Type:  One-Hot
+------------------------------------------------------------------------------------------------------------+
; State Machine - |Sequential_Multiplier|Control:Control_1|state                                             ;
+-----------------+-----------------+-----------------+------------+--------------+--------------+-----------+
; Name            ; state.PROCESS_D ; state.PROCESS_M ; state.WAIT ; state.LOAD_2 ; state.LOAD_1 ; state.000 ;
+-----------------+-----------------+-----------------+------------+--------------+--------------+-----------+
; state.000       ; 0               ; 0               ; 0          ; 0            ; 0            ; 0         ;
; state.LOAD_1    ; 0               ; 0               ; 0          ; 0            ; 1            ; 1         ;
; state.LOAD_2    ; 0               ; 0               ; 0          ; 1            ; 0            ; 1         ;
; state.WAIT      ; 0               ; 0               ; 1          ; 0            ; 0            ; 1         ;
; state.PROCESS_M ; 0               ; 1               ; 0          ; 0            ; 0            ; 1         ;
; state.PROCESS_D ; 1               ; 0               ; 0          ; 0            ; 0            ; 1         ;
+-----------------+-----------------+-----------------+------------+--------------+--------------+-----------+


+----------------------------------------------------------------------+
; Registers Removed During Synthesis                                   ;
+-------------------------------------------------+--------------------+
; Register name                                   ; Reason for Removal ;
+-------------------------------------------------+--------------------+
; Control:Control_1|state~4                       ; Lost fanout        ;
; Control:Control_1|state~5                       ; Lost fanout        ;
; Control:Control_1|state~6                       ; Lost fanout        ;
; One_Shot:One_Shot_Load_2|state.Waiting_Not_Shot ; Lost fanout        ;
; One_Shot:One_Shot_Load_1|state.Waiting_Not_Shot ; Lost fanout        ;
; One_Shot:One_Shot_Data|state.Waiting_Not_Shot   ; Lost fanout        ;
; Total Number of Removed Registers = 6           ;                    ;
+-------------------------------------------------+--------------------+


+------------------------------------------------------+
; General Register Statistics                          ;
+----------------------------------------------+-------+
; Statistic                                    ; Value ;
+----------------------------------------------+-------+
; Total registers                              ; 130   ;
; Number of registers using Synchronous Clear  ; 45    ;
; Number of registers using Synchronous Load   ; 52    ;
; Number of registers using Asynchronous Clear ; 121   ;
; Number of registers using Asynchronous Load  ; 0     ;
; Number of registers using Clock Enable       ; 97    ;
; Number of registers using Preset             ; 0     ;
+----------------------------------------------+-------+


+----------------------------------------------------------------------------------------------------------------------------------------------------------------------------------------------+
; Multiplexer Restructuring Statistics (Restructuring Performed)                                                                                                                               ;
+--------------------+-----------+---------------+----------------------+------------------------+------------+--------------------------------------------------------------------------------+
; Multiplexer Inputs ; Bus Width ; Baseline Area ; Area if Restructured ; Saving if Restructured ; Registered ; Example Multiplexer Output                                                     ;
+--------------------+-----------+---------------+----------------------+------------------------+------------+--------------------------------------------------------------------------------+
; 3:1                ; 18 bits   ; 36 LEs        ; 0 LEs                ; 36 LEs                 ; Yes        ; |Sequential_Multiplier|Counter:counter_1|counter_reg[6]                        ;
; 3:1                ; 17 bits   ; 34 LEs        ; 0 LEs                ; 34 LEs                 ; Yes        ; |Sequential_Multiplier|Shift_Register_left:Shift_left|shiftRegister_logic[15]  ;
; 3:1                ; 17 bits   ; 34 LEs        ; 0 LEs                ; 34 LEs                 ; Yes        ; |Sequential_Multiplier|Shift_Register_rigth:Shift_right|shiftRegister_logic[0] ;
; 4:1                ; 9 bits    ; 18 LEs        ; 0 LEs                ; 18 LEs                 ; Yes        ; |Sequential_Multiplier|Control:Control_1|cicles[8]                             ;
; 3:1                ; 18 bits   ; 36 LEs        ; 36 LEs               ; 0 LEs                  ; No         ; |Sequential_Multiplier|Mux_Two_To_One:Mux_A|Mux_Output[0]                      ;
+--------------------+-----------+---------------+----------------------+------------------------+------------+--------------------------------------------------------------------------------+


+---------------------------------------------------------------------------------------+
; Parameter Settings for User Entity Instance: Top-level Entity: |Sequential_Multiplier ;
+----------------+-------+--------------------------------------------------------------+
; Parameter Name ; Value ; Type                                                         ;
+----------------+-------+--------------------------------------------------------------+
; WORD_LENGTH    ; 9     ; Signed Integer                                               ;
+----------------+-------+--------------------------------------------------------------+
Note: In order to hide this table in the UI and the text report file, please set the "Show Parameter Settings in Synthesis Report" option in "Analysis and Synthesis Settings -> More Settings" to "Off".


+----------------------------------------------------------------+
; Parameter Settings for User Entity Instance: Control:Control_1 ;
+----------------+-------+---------------------------------------+
; Parameter Name ; Value ; Type                                  ;
+----------------+-------+---------------------------------------+
; WORD_LENGTH    ; 9     ; Signed Integer                        ;
+----------------+-------+---------------------------------------+
Note: In order to hide this table in the UI and the text report file, please set the "Show Parameter Settings in Synthesis Report" option in "Analysis and Synthesis Settings -> More Settings" to "Off".


+----------------------------------------------------------------------------------------+
; Parameter Settings for User Entity Instance: Register_With_Enable:Register_check_neg_1 ;
+----------------+-------+---------------------------------------------------------------+
; Parameter Name ; Value ; Type                                                          ;
+----------------+-------+---------------------------------------------------------------+
; WORD_LENGTH    ; 9     ; Signed Integer                                                ;
+----------------+-------+---------------------------------------------------------------+
Note: In order to hide this table in the UI and the text report file, please set the "Show Parameter Settings in Synthesis Report" option in "Analysis and Synthesis Settings -> More Settings" to "Off".


+----------------------------------------------------------------------------------------+
; Parameter Settings for User Entity Instance: Register_With_Enable:Register_check_neg_2 ;
+----------------+-------+---------------------------------------------------------------+
; Parameter Name ; Value ; Type                                                          ;
+----------------+-------+---------------------------------------------------------------+
; WORD_LENGTH    ; 9     ; Signed Integer                                                ;
+----------------+-------+---------------------------------------------------------------+
Note: In order to hide this table in the UI and the text report file, please set the "Show Parameter Settings in Synthesis Report" option in "Analysis and Synthesis Settings -> More Settings" to "Off".


+-----------------------------------------------------------------------------+
; Parameter Settings for User Entity Instance: Shift_Register_left:Shift_left ;
+----------------+-------+----------------------------------------------------+
; Parameter Name ; Value ; Type                                               ;
+----------------+-------+----------------------------------------------------+
; WORD_LENGTH    ; 18    ; Signed Integer                                     ;
+----------------+-------+----------------------------------------------------+
Note: In order to hide this table in the UI and the text report file, please set the "Show Parameter Settings in Synthesis Report" option in "Analysis and Synthesis Settings -> More Settings" to "Off".


+-------------------------------------------------------------------------------+
; Parameter Settings for User Entity Instance: Shift_Register_rigth:Shift_right ;
+----------------+-------+------------------------------------------------------+
; Parameter Name ; Value ; Type                                                 ;
+----------------+-------+------------------------------------------------------+
; WORD_LENGTH    ; 18    ; Signed Integer                                       ;
+----------------+-------+------------------------------------------------------+
Note: In order to hide this table in the UI and the text report file, please set the "Show Parameter Settings in Synthesis Report" option in "Analysis and Synthesis Settings -> More Settings" to "Off".


+---------------------------------------------------------------------------+
; Parameter Settings for User Entity Instance: Mux_Two_To_One:Mux_Data_or_0 ;
+----------------+-------+--------------------------------------------------+
; Parameter Name ; Value ; Type                                             ;
+----------------+-------+--------------------------------------------------+
; N_BITS         ; 18    ; Signed Integer                                   ;
+----------------+-------+--------------------------------------------------+
Note: In order to hide this table in the UI and the text report file, please set the "Show Parameter Settings in Synthesis Report" option in "Analysis and Synthesis Settings -> More Settings" to "Off".


+----------------------------------------------------------------+
; Parameter Settings for User Entity Instance: Add_Sub:Add_Sub_1 ;
+----------------+-------+---------------------------------------+
; Parameter Name ; Value ; Type                                  ;
+----------------+-------+---------------------------------------+
; WORD_LENGTH    ; 18    ; Signed Integer                        ;
+----------------+-------+---------------------------------------+
Note: In order to hide this table in the UI and the text report file, please set the "Show Parameter Settings in Synthesis Report" option in "Analysis and Synthesis Settings -> More Settings" to "Off".


+----------------------------------------------------------------------------------------+
; Parameter Settings for User Entity Instance: Register_With_Enable:Register_compensador ;
+----------------+-------+---------------------------------------------------------------+
; Parameter Name ; Value ; Type                                                          ;
+----------------+-------+---------------------------------------------------------------+
; WORD_LENGTH    ; 1     ; Signed Integer                                                ;
+----------------+-------+---------------------------------------------------------------+
Note: In order to hide this table in the UI and the text report file, please set the "Show Parameter Settings in Synthesis Report" option in "Analysis and Synthesis Settings -> More Settings" to "Off".


+-----------------------------------------------------------------------------+
; Parameter Settings for User Entity Instance: Mux_Two_To_One:Mux_compensador ;
+----------------+-------+----------------------------------------------------+
; Parameter Name ; Value ; Type                                               ;
+----------------+-------+----------------------------------------------------+
; N_BITS         ; 1     ; Unsigned Binary                                    ;
+----------------+-------+----------------------------------------------------+
Note: In order to hide this table in the UI and the text report file, please set the "Show Parameter Settings in Synthesis Report" option in "Analysis and Synthesis Settings -> More Settings" to "Off".


+-------------------------------------------------------------------------------+
; Parameter Settings for User Entity Instance: Register_With_Reset:Register_Rst ;
+----------------+-------+------------------------------------------------------+
; Parameter Name ; Value ; Type                                                 ;
+----------------+-------+------------------------------------------------------+
; WORD_LENGTH    ; 18    ; Signed Integer                                       ;
+----------------+-------+------------------------------------------------------+
Note: In order to hide this table in the UI and the text report file, please set the "Show Parameter Settings in Synthesis Report" option in "Analysis and Synthesis Settings -> More Settings" to "Off".


+---------------------------------------------------------+
; Parameter Settings for User Entity Instance: Or_Gate:Or ;
+----------------+-------+--------------------------------+
; Parameter Name ; Value ; Type                           ;
+----------------+-------+--------------------------------+
; N_BITS         ; 1     ; Signed Integer                 ;
+----------------+-------+--------------------------------+
Note: In order to hide this table in the UI and the text report file, please set the "Show Parameter Settings in Synthesis Report" option in "Analysis and Synthesis Settings -> More Settings" to "Off".


+-----------------------------------------------------------------------------------+
; Parameter Settings for User Entity Instance: Register_With_Enable:Register_Result ;
+----------------+-------+----------------------------------------------------------+
; Parameter Name ; Value ; Type                                                     ;
+----------------+-------+----------------------------------------------------------+
; WORD_LENGTH    ; 18    ; Signed Integer                                           ;
+----------------+-------+----------------------------------------------------------+
Note: In order to hide this table in the UI and the text report file, please set the "Show Parameter Settings in Synthesis Report" option in "Analysis and Synthesis Settings -> More Settings" to "Off".


+----------------------------------------------------------------------+
; Parameter Settings for User Entity Instance: Mux_Two_To_One:Mux_A_in ;
+----------------+-------+---------------------------------------------+
; Parameter Name ; Value ; Type                                        ;
+----------------+-------+---------------------------------------------+
; N_BITS         ; 18    ; Signed Integer                              ;
+----------------+-------+---------------------------------------------+
Note: In order to hide this table in the UI and the text report file, please set the "Show Parameter Settings in Synthesis Report" option in "Analysis and Synthesis Settings -> More Settings" to "Off".


+----------------------------------------------------------------+
; Parameter Settings for User Entity Instance: Counter:counter_1 ;
+----------------+------------+----------------------------------+
; Parameter Name ; Value      ; Type                             ;
+----------------+------------+----------------------------------+
; NBITS          ; 18         ; Signed Integer                   ;
; INIT_VALUE     ; 0000000000 ; Unsigned Binary                  ;
+----------------+------------+----------------------------------+
Note: In order to hide this table in the UI and the text report file, please set the "Show Parameter Settings in Synthesis Report" option in "Analysis and Synthesis Settings -> More Settings" to "Off".


+----------------------------------------------------------------------+
; Parameter Settings for User Entity Instance: Comparator:Comparator_1 ;
+----------------+-------+---------------------------------------------+
; Parameter Name ; Value ; Type                                        ;
+----------------+-------+---------------------------------------------+
; WORD_LENGTH    ; 18    ; Signed Integer                              ;
+----------------+-------+---------------------------------------------+
Note: In order to hide this table in the UI and the text report file, please set the "Show Parameter Settings in Synthesis Report" option in "Analysis and Synthesis Settings -> More Settings" to "Off".


+-------------------------------------------------------------------+
; Parameter Settings for User Entity Instance: Mux_Two_To_One:Mux_A ;
+----------------+-------+------------------------------------------+
; Parameter Name ; Value ; Type                                     ;
+----------------+-------+------------------------------------------+
; N_BITS         ; 18    ; Signed Integer                           ;
+----------------+-------+------------------------------------------+
Note: In order to hide this table in the UI and the text report file, please set the "Show Parameter Settings in Synthesis Report" option in "Analysis and Synthesis Settings -> More Settings" to "Off".


+-------------------------------------------------------------------+
; Parameter Settings for User Entity Instance: Mux_Two_To_One:Mux_B ;
+----------------+-------+------------------------------------------+
; Parameter Name ; Value ; Type                                     ;
+----------------+-------+------------------------------------------+
; N_BITS         ; 18    ; Signed Integer                           ;
+----------------+-------+------------------------------------------+
Note: In order to hide this table in the UI and the text report file, please set the "Show Parameter Settings in Synthesis Report" option in "Analysis and Synthesis Settings -> More Settings" to "Off".


+---------------------------------------------------------------------+
; Parameter Settings for User Entity Instance: Mux_Two_To_One:Mux_out ;
+----------------+-------+--------------------------------------------+
; Parameter Name ; Value ; Type                                       ;
+----------------+-------+--------------------------------------------+
; N_BITS         ; 18    ; Signed Integer                             ;
+----------------+-------+--------------------------------------------+
Note: In order to hide this table in the UI and the text report file, please set the "Show Parameter Settings in Synthesis Report" option in "Analysis and Synthesis Settings -> More Settings" to "Off".


+-----------------------------------------------------------------------+
; Port Connectivity Checks: "Register_With_Enable:Register_compensador" ;
+--------+-------+----------+-------------------------------------------+
; Port   ; Type  ; Severity ; Details                                   ;
+--------+-------+----------+-------------------------------------------+
; enable ; Input ; Info     ; Stuck at VCC                              ;
+--------+-------+----------+-------------------------------------------+


+----------------------------------------------------------+
; Port Connectivity Checks: "Mux_Two_To_One:Mux_Data_or_0" ;
+--------+-------+----------+------------------------------+
; Port   ; Type  ; Severity ; Details                      ;
+--------+-------+----------+------------------------------+
; Data_0 ; Input ; Info     ; Stuck at GND                 ;
+--------+-------+----------+------------------------------+


+-----------------------------------------------------------------------------------------------------------------------------------------------+
; Port Connectivity Checks: "Shift_Register_rigth:Shift_right"                                                                                  ;
+----------------+--------+----------+----------------------------------------------------------------------------------------------------------+
; Port           ; Type   ; Severity ; Details                                                                                                  ;
+----------------+--------+----------+----------------------------------------------------------------------------------------------------------+
; parallelOutput ; Output ; Warning  ; Declared by entity but not connected by instance. Logic that only feeds a dangling port will be removed. ;
+----------------+--------+----------+----------------------------------------------------------------------------------------------------------+


+---------------------------------------------------------------------------------------------------------------------------------------------+
; Port Connectivity Checks: "Shift_Register_left:Shift_left"                                                                                  ;
+--------------+--------+----------+----------------------------------------------------------------------------------------------------------+
; Port         ; Type   ; Severity ; Details                                                                                                  ;
+--------------+--------+----------+----------------------------------------------------------------------------------------------------------+
; serialOutput ; Output ; Warning  ; Declared by entity but not connected by instance. Logic that only feeds a dangling port will be removed. ;
+--------------+--------+----------+----------------------------------------------------------------------------------------------------------+


+-----------------------------------------------------+
; Post-Synthesis Netlist Statistics for Top Partition ;
+-----------------------+-----------------------------+
; Type                  ; Count                       ;
+-----------------------+-----------------------------+
; arriav_ff             ; 130                         ;
;     CLR               ; 15                          ;
;     CLR SCLR          ; 18                          ;
;     ENA CLR           ; 18                          ;
;     ENA CLR SCLR      ; 18                          ;
;     ENA CLR SLD       ; 52                          ;
;     ENA SCLR          ; 9                           ;
; arriav_lcell_comb     ; 138                         ;
;     arith             ; 46                          ;
;         1 data inputs ; 28                          ;
;         5 data inputs ; 18                          ;
;     normal            ; 92                          ;
;         1 data inputs ; 1                           ;
;         2 data inputs ; 10                          ;
;         3 data inputs ; 42                          ;
;         4 data inputs ; 15                          ;
;         5 data inputs ; 7                           ;
;         6 data inputs ; 17                          ;
; boundary_port         ; 34                          ;
;                       ;                             ;
; Max LUT depth         ; 4.00                        ;
; Average LUT depth     ; 2.28                        ;
+-----------------------+-----------------------------+


+-------------------------------+
; Elapsed Time Per Partition    ;
+----------------+--------------+
; Partition Name ; Elapsed Time ;
+----------------+--------------+
; Top            ; 00:00:01     ;
+----------------+--------------+


+-------------------------------+
; Analysis & Synthesis Messages ;
+-------------------------------+
Info: *******************************************************************
Info: Running Quartus Prime Analysis & Synthesis
    Info: Version 20.1.0 Build 711 06/05/2020 SJ Lite Edition
    Info: Processing started: Sun Mar 21 02:53:18 2021
Info: Command: quartus_map --read_settings_files=on --write_settings_files=off Sequential_Multiplier -c Sequential_Multiplier
Warning (18236): Number of processors has not been specified which may cause overloading on shared machines.  Set the global assignment NUM_PARALLEL_PROCESSORS in your QSF to an appropriate value for best performance.
Info (20032): Parallel compilation is enabled and will use up to 8 processors
Info (12021): Found 1 design units, including 1 entities, in source file source/counter.v
    Info (12023): Found entity 1: Counter File: D:/Quartus_programs/Digital_II/Tarea_3/Source/Counter.v Line: 3
Info (12021): Found 1 design units, including 1 entities, in source file source/sequential_multiplier_tb.v
    Info (12023): Found entity 1: Sequential_Multiplier_tb File: D:/Quartus_programs/Digital_II/Tarea_3/Source/Sequential_Multiplier_tb.v Line: 15
Info (12021): Found 1 design units, including 1 entities, in source file source/not_gate.v
    Info (12023): Found entity 1: Not_Gate File: D:/Quartus_programs/Digital_II/Tarea_3/Source/Not_Gate.v Line: 11
Info (12021): Found 1 design units, including 1 entities, in source file source/and_gate.v
    Info (12023): Found entity 1: And_Gate File: D:/Quartus_programs/Digital_II/Tarea_3/Source/And_Gate.v Line: 11
Info (12021): Found 1 design units, including 1 entities, in source file source/mux_two_to_one.v
    Info (12023): Found entity 1: Mux_Two_To_One File: D:/Quartus_programs/Digital_II/Tarea_3/Source/Mux_Two_To_One.v Line: 11
Info (12021): Found 1 design units, including 1 entities, in source file source/register_with_enable.v
    Info (12023): Found entity 1: Register_With_Enable File: D:/Quartus_programs/Digital_II/Tarea_3/Source/Register_With_Enable.v Line: 3
Info (12021): Found 1 design units, including 1 entities, in source file source/demux.v
    Info (12023): Found entity 1: Demux File: D:/Quartus_programs/Digital_II/Tarea_3/Source/Demux.v Line: 1
Info (12021): Found 1 design units, including 1 entities, in source file source/shift_register_rigth.v
    Info (12023): Found entity 1: Shift_Register_rigth File: D:/Quartus_programs/Digital_II/Tarea_3/Source/Shift_Register_rigth.v Line: 11
Info (12021): Found 1 design units, including 1 entities, in source file source/shift_register_left.v
    Info (12023): Found entity 1: Shift_Register_left File: D:/Quartus_programs/Digital_II/Tarea_3/Source/Shift_Register_left.v Line: 11
Info (12021): Found 1 design units, including 1 entities, in source file source/sequential_multiplier.v
    Info (12023): Found entity 1: Sequential_Multiplier File: D:/Quartus_programs/Digital_II/Tarea_3/Source/Sequential_Multiplier.v Line: 1
Info (12021): Found 1 design units, including 1 entities, in source file source/register_with_reset.v
    Info (12023): Found entity 1: Register_With_Reset File: D:/Quartus_programs/Digital_II/Tarea_3/Source/Register_With_Reset.v Line: 2
Info (12021): Found 1 design units, including 1 entities, in source file source/or_gate.v
    Info (12023): Found entity 1: Or_Gate File: D:/Quartus_programs/Digital_II/Tarea_3/Source/Or_Gate.v Line: 11
Info (12021): Found 1 design units, including 1 entities, in source file source/one_shot.v
    Info (12023): Found entity 1: One_Shot File: D:/Quartus_programs/Digital_II/Tarea_3/Source/One_Shot.v Line: 2
Info (12021): Found 1 design units, including 1 entities, in source file source/control.v
    Info (12023): Found entity 1: Control File: D:/Quartus_programs/Digital_II/Tarea_3/Source/Control.v Line: 1
Info (12021): Found 1 design units, including 1 entities, in source file source/add_sub.v
    Info (12023): Found entity 1: Add_Sub File: D:/Quartus_programs/Digital_II/Tarea_3/Source/Add_Sub.v Line: 1
Info (12021): Found 1 design units, including 1 entities, in source file source/sequential_divider.v
    Info (12023): Found entity 1: Sequential_Divider File: D:/Quartus_programs/Digital_II/Tarea_3/Source/Sequential_Divider.v Line: 1
Info (12021): Found 1 design units, including 1 entities, in source file source/sequential_divider_tb.v
    Info (12023): Found entity 1: Sequential_Divider_tb File: D:/Quartus_programs/Digital_II/Tarea_3/Source/Sequential_Divider_tb.v Line: 3
Info (12021): Found 1 design units, including 1 entities, in source file source/comparator.v
    Info (12023): Found entity 1: Comparator File: D:/Quartus_programs/Digital_II/Tarea_3/Source/Comparator.v Line: 1
Info (12127): Elaborating entity "Sequential_Multiplier" for the top level hierarchy
Info (12128): Elaborating entity "Control" for hierarchy "Control:Control_1" File: D:/Quartus_programs/Digital_II/Tarea_3/Source/Sequential_Multiplier.v Line: 84
Info (12128): Elaborating entity "One_Shot" for hierarchy "One_Shot:One_Shot_Data" File: D:/Quartus_programs/Digital_II/Tarea_3/Source/Sequential_Multiplier.v Line: 96
Info (12128): Elaborating entity "Demux" for hierarchy "Demux:Demux_Data" File: D:/Quartus_programs/Digital_II/Tarea_3/Source/Sequential_Multiplier.v Line: 107
Info (12128): Elaborating entity "Register_With_Enable" for hierarchy "Register_With_Enable:Register_check_neg_1" File: D:/Quartus_programs/Digital_II/Tarea_3/Source/Sequential_Multiplier.v Line: 123
Info (12128): Elaborating entity "Shift_Register_left" for hierarchy "Shift_Register_left:Shift_left" File: D:/Quartus_programs/Digital_II/Tarea_3/Source/Sequential_Multiplier.v Line: 156
Info (10264): Verilog HDL Case Statement information at Shift_Register_left.v(36): all case item expressions in this case statement are onehot File: D:/Quartus_programs/Digital_II/Tarea_3/Source/Shift_Register_left.v Line: 36
Info (12128): Elaborating entity "Shift_Register_rigth" for hierarchy "Shift_Register_rigth:Shift_right" File: D:/Quartus_programs/Digital_II/Tarea_3/Source/Sequential_Multiplier.v Line: 172
Info (10264): Verilog HDL Case Statement information at Shift_Register_rigth.v(36): all case item expressions in this case statement are onehot File: D:/Quartus_programs/Digital_II/Tarea_3/Source/Shift_Register_rigth.v Line: 36
Info (12128): Elaborating entity "Mux_Two_To_One" for hierarchy "Mux_Two_To_One:Mux_Data_or_0" File: D:/Quartus_programs/Digital_II/Tarea_3/Source/Sequential_Multiplier.v Line: 186
Info (12128): Elaborating entity "Add_Sub" for hierarchy "Add_Sub:Add_Sub_1" File: D:/Quartus_programs/Digital_II/Tarea_3/Source/Sequential_Multiplier.v Line: 200
Info (12128): Elaborating entity "Register_With_Enable" for hierarchy "Register_With_Enable:Register_compensador" File: D:/Quartus_programs/Digital_II/Tarea_3/Source/Sequential_Multiplier.v Line: 240
Info (12128): Elaborating entity "Mux_Two_To_One" for hierarchy "Mux_Two_To_One:Mux_compensador" File: D:/Quartus_programs/Digital_II/Tarea_3/Source/Sequential_Multiplier.v Line: 253
Info (12128): Elaborating entity "Register_With_Reset" for hierarchy "Register_With_Reset:Register_Rst" File: D:/Quartus_programs/Digital_II/Tarea_3/Source/Sequential_Multiplier.v Line: 267
Info (12128): Elaborating entity "Or_Gate" for hierarchy "Or_Gate:Or" File: D:/Quartus_programs/Digital_II/Tarea_3/Source/Sequential_Multiplier.v Line: 302
Info (12128): Elaborating entity "Register_With_Enable" for hierarchy "Register_With_Enable:Register_Result" File: D:/Quartus_programs/Digital_II/Tarea_3/Source/Sequential_Multiplier.v Line: 317
Info (12128): Elaborating entity "Counter" for hierarchy "Counter:counter_1" File: D:/Quartus_programs/Digital_II/Tarea_3/Source/Sequential_Multiplier.v Line: 348
Info (12128): Elaborating entity "Comparator" for hierarchy "Comparator:Comparator_1" File: D:/Quartus_programs/Digital_II/Tarea_3/Source/Sequential_Multiplier.v Line: 360
Warning (12241): 2 hierarchies have connectivity warnings - see the Connectivity Checks report folder
Info (286030): Timing-Driven Synthesis is running
Info (17049): 6 registers lost all their fanouts during netlist optimizations.
Info (144001): Generated suppressed messages file D:/Quartus_programs/Digital_II/Tarea_3/output_files/Sequential_Multiplier.map.smsg
Info (16010): Generating hard_block partition "hard_block:auto_generated_inst"
    Info (16011): Adding 0 node(s), including 0 DDIO, 0 PLL, 0 transceiver and 0 LCELL
Info (21057): Implemented 242 device resources after synthesis - the final resource count might be different
    Info (21058): Implemented 14 input pins
    Info (21059): Implemented 20 output pins
    Info (21061): Implemented 208 logic cells
Info: Quartus Prime Analysis & Synthesis was successful. 0 errors, 2 warnings
    Info: Peak virtual memory: 4869 megabytes
    Info: Processing ended: Sun Mar 21 02:53:33 2021
    Info: Elapsed time: 00:00:15
    Info: Total CPU time (on all processors): 00:00:35


+------------------------------------------+
; Analysis & Synthesis Suppressed Messages ;
+------------------------------------------+
The suppressed messages can be found in D:/Quartus_programs/Digital_II/Tarea_3/output_files/Sequential_Multiplier.map.smsg.


